\BOOKMARK [0][-]{chapter.1}{\376\377\000P\000r\000o\000f\000o\000r\000m\000e}{}% 1
\BOOKMARK [1][-]{section.1.1}{\376\377\000P\000r\000o\000n\000o\000m\000\040\000e\000t\000\040\000P\000r\000o\000f\000o\000r\000m\000e}{chapter.1}% 2
\BOOKMARK [2][-]{subsection.1.1.1}{\376\377\000L\000a\000\040\000f\000o\000r\000m\000e\000\040\000d\000e\000s\000\040\000p\000r\000o\000n\000o\000m\000s}{section.1.1}% 3
\BOOKMARK [2][-]{subsection.1.1.2}{\376\377\000L\000a\000\040\000v\000a\000r\000i\000a\000t\000i\000o\000n\000\040\000d\000e\000s\000\040\000p\000r\000o\000n\000o\000m\000s}{section.1.1}% 4
\BOOKMARK [2][-]{subsection.1.1.3}{\376\377\000L\000e\000s\000\040\000p\000r\000o\000n\000o\000m\000s\000\040\000a\000n\000i\000m\000\351\000s\000\040\000o\000u\000\040\000i\000n\000a\000n\000i\000m\000\351\000s}{section.1.1}% 5
\BOOKMARK [2][-]{subsection.1.1.4}{\376\377\000f\000o\000r\000m\000e\000\040\000f\000o\000r\000t\000e\000\040\000e\000t\000\040\000f\000o\000r\000m\000e\000\040\000f\000a\000i\000b\000l\000e}{section.1.1}% 6
\BOOKMARK [2][-]{subsection.1.1.5}{\376\377\000P\000r\000o\000f\000o\000r\000m\000e}{section.1.1}% 7
\BOOKMARK [1][-]{section.1.2}{\376\377\000L\000e\000s\000\040\000p\000r\000o\000f\000o\000r\000m\000e\000s\000\040\000p\000e\000r\000s\000o\000n\000n\000e\000l\000l\000e\000s\000\040\000f\000a\000i\000b\000l\000e\000s}{chapter.1}% 8
\BOOKMARK [2][-]{subsection.1.2.1}{\376\377\000L\000a\000\040\000d\000i\000s\000t\000i\000n\000c\000t\000i\000o\000n\000\040\000e\000n\000t\000r\000e\000\040\000f\000o\000r\000m\000e\000\040\000f\000a\000i\000b\000l\000e\000\040\000e\000t\000\040\000f\000o\000r\000m\000e\000\040\000f\000o\000r\000t\000e}{section.1.2}% 9
\BOOKMARK [2][-]{subsection.1.2.2}{\376\377\000P\000r\000o\000f\000o\000r\000m\000e\000s\000\040\000p\000e\000r\000s\000o\000n\000n\000e\000l\000l\000e\000s\000\040\000f\000a\000i\000b\000l\000e\000s\000\040\000e\000t\000\040\000f\000o\000r\000m\000e\000s\000\040\000v\000e\000r\000b\000a\000l\000e\000s}{section.1.2}% 10
\BOOKMARK [2][-]{subsection.1.2.3}{\376\377\000L\040\031\000o\000r\000d\000r\000e\000\040\000d\000e\000s\000\040\000p\000r\000o\000f\000o\000r\000m\000e\000s\000\040\000f\000a\000i\000b\000l\000e\000s\000\040\000p\000r\000\351\000v\000e\000r\000b\000a\000l\000e\000s}{section.1.2}% 11
\BOOKMARK [2][-]{subsection.1.2.4}{\376\377\000L\040\031\000o\000r\000d\000r\000e\000\040\000d\000e\000s\000\040\000p\000r\000o\000f\000o\000r\000m\000e\000s\000\040\000f\000a\000i\000b\000l\000e\000s\000\040\000\340\000\040\000l\040\031\000i\000m\000p\000\351\000r\000a\000t\000i\000f}{section.1.2}% 12
\BOOKMARK [2][-]{subsection.1.2.5}{\376\377\000e\000n}{section.1.2}% 13
\BOOKMARK [2][-]{subsection.1.2.6}{\376\377\000l\000u\000i\000\040\000e\000t\000\040\000y}{section.1.2}% 14
\BOOKMARK [1][-]{section.1.3}{\376\377\000L\000e\000s\000\040\000p\000r\000o\000n\000o\000m\000s\000\040\000p\000e\000r\000s\000o\000n\000n\000e\000l\000s\000\040\000f\000o\000r\000t\000s}{chapter.1}% 15
\BOOKMARK [2][-]{subsection.1.3.1}{\376\377\000L\000e\000s\000\040\000f\000o\000n\000c\000t\000i\000o\000n\000s\000\040\000s\000y\000n\000t\000a\000x\000i\000q\000u\000e\000s}{section.1.3}% 16
\BOOKMARK [2][-]{subsection.1.3.2}{\376\377\000L\040\031\000i\000n\000t\000e\000r\000p\000r\000\351\000t\000a\000t\000i\000o\000n\000\040\000d\000e\000s\000\040\000p\000r\000o\000n\000o\000m\000s\000\040\000p\000e\000r\000s\000o\000n\000n\000e\000l\000s\000\040\000f\000o\000r\000t\000s}{section.1.3}% 17
\BOOKMARK [2][-]{subsection.1.3.3}{\376\377\000L\000e\000s\000\040\000p\000r\000o\000n\000o\000m\000s\000\040\000c\000o\000m\000p\000l\000e\000x\000e\000s}{section.1.3}% 18
\BOOKMARK [2][-]{subsection.1.3.4}{\376\377\000L\000e\000s\000\040\000p\000r\000o\000n\000o\000m\000s\000\040\000p\000e\000r\000s\000o\000n\000n\000e\000l\000s\000\040\000f\000o\000r\000t\000s\000\040\000m\000o\000d\000i\000f\000i\000\351\000s}{section.1.3}% 19
\BOOKMARK [1][-]{section.1.4}{\376\377\000L\000e\000s\000\040\000p\000r\000o\000n\000o\000m\000s\000\040\000i\000n\000d\000\351\000f\000i\000n\000i\000s}{chapter.1}% 20
\BOOKMARK [2][-]{subsection.1.4.1}{\376\377\000O\000n}{section.1.4}% 21
\BOOKMARK [2][-]{subsection.1.4.2}{\376\377\000a\000u\000t\000r\000u\000i\000,\000\040\000s\000o\000i\000,\000\040\000s\000o\000i\000-\000m\000\352\000m\000e}{section.1.4}% 22
\BOOKMARK [2][-]{subsection.1.4.3}{\376\377\000L\000e\000s\000\040\000p\000r\000o\000n\000o\000m\000s\000\040\000i\000n\000d\000\351\000f\000i\000n\000i\000s\000\040\000a\000g\000g\000l\000o\000m\000\351\000r\000\351\000s}{section.1.4}% 23
\BOOKMARK [2][-]{subsection.1.4.4}{\376\377\000l\040\031\000u\000n\000\040\000e\000t\000\040\000l\000e\000s\000\040\000u\000n\000s}{section.1.4}% 24
\BOOKMARK [2][-]{subsection.1.4.5}{\376\377\000t\000e\000l\000\040\000e\000t\000\040\000u\000n\000t\000e\000l}{section.1.4}% 25
\BOOKMARK [1][-]{section.1.5}{\376\377\000L\000e\000s\000\040\000p\000r\000o\000n\000o\000m\000s\000\040\000d\000\351\000m\000o\000n\000s\000t\000r\000a\000t\000i\000f\000s}{chapter.1}% 26
\BOOKMARK [2][-]{subsection.1.5.1}{\376\377\000C\000e\000\040\000e\000t\000\040\000\307\000a}{section.1.5}% 27
\BOOKMARK [2][-]{subsection.1.5.2}{\376\377\000C\000e\000c\000i\000\040\000e\000t\000\040\000C\000e\000l\000a}{section.1.5}% 28
\BOOKMARK [2][-]{subsection.1.5.3}{\376\377\000c\000e\000l\000u\000i\000,\000\040\000c\000e\000l\000u\000i\000-\000c\000i\000,\000\040\000c\000e\000l\000u\000i\000-\000l\000\340}{section.1.5}% 29
\BOOKMARK [2][-]{subsection.1.5.4}{\376\377\000c\000e\000\040\000d\000e\000r\000n\000i\000e\000r}{section.1.5}% 30
\BOOKMARK [1][-]{section.1.6}{\376\377\000L\000e\000s\000\040\000p\000r\000o\000f\000o\000r\000m\000e\000s\000\040\000v\000e\000r\000b\000a\000l\000e\000s}{chapter.1}% 31
\BOOKMARK [1][-]{section.1.7}{\376\377\000L\000e\000s\000\040\000m\000o\000t\000s\000\040\000i\000n\000t\000e\000r\000r\000o\000g\000a\000t\000i\000f\000s\000,\000\040\000r\000e\000l\000a\000t\000i\000f\000s\000\040\000e\000t\000\040\000e\000x\000c\000l\000a\000m\000a\000t\000i\000f\000s}{chapter.1}% 32
\BOOKMARK [2][-]{subsection.1.7.1}{\376\377\000I\000n\000t\000e\000r\000r\000o\000g\000a\000t\000i\000f\000s}{section.1.7}% 33
\BOOKMARK [2][-]{subsection.1.7.2}{\376\377\000R\000e\000l\000a\000t\000i\000f\000s}{section.1.7}% 34
\BOOKMARK [2][-]{subsection.1.7.3}{\376\377\000E\000x\000c\000l\000a\000m\000a\000t\000i\000f\000s}{section.1.7}% 35
\BOOKMARK [0][-]{chapter.2}{\376\377\000V\000e\000r\000b\000e}{}% 36
\BOOKMARK [1][-]{section.2.1}{\376\377\000L\000a\000\040\000v\000a\000l\000e\000n\000c\000e\000\040\000d\000e\000s\000\040\000v\000e\000r\000b\000e\000s}{chapter.2}% 37
\BOOKMARK [2][-]{subsection.2.1.1}{\376\377\000L\000e\000s\000\040\000v\000e\000r\000b\000e\000s\000\040\000e\000t\000\040\000l\000e\000u\000r\000\040\000s\000u\000j\000e\000t}{section.2.1}% 38
\BOOKMARK [2][-]{subsection.2.1.2}{\376\377\000L\000e\000s\000\040\000v\000e\000r\000b\000e\000s\000\040\000s\000a\000n\000s\000\040\000c\000o\000m\000p\000l\000\351\000m\000e\000n\000t}{section.2.1}% 39
\BOOKMARK [2][-]{subsection.2.1.3}{\376\377\000L\000e\000s\000\040\000v\000e\000r\000b\000e\000s\000\040\000\340\000\040\000c\000o\000m\000p\000l\000\351\000m\000e\000n\000t\000\040\000n\000o\000m\000i\000n\000a\000l\000\040\000o\000u\000\040\000p\000r\000\351\000p\000o\000s\000i\000t\000i\000o\000n\000n\000e\000l}{section.2.1}% 40
\BOOKMARK [0][-]{chapter.3}{\376\377\000P\000h\000r\000a\000s\000e}{}% 41
\BOOKMARK [1][-]{section.3.1}{\376\377\000T\000y\000p\000e\000\040\000d\000e\000\040\000p\000h\000r\000a\000s\000e}{chapter.3}% 42
\BOOKMARK [2][-]{subsection.3.1.1}{\376\377\000L\000e\000s\000\040\000f\000o\000r\000m\000e\000s\000\040\000d\000e\000s\000\040\000t\000y\000p\000e\000s\000\040\000d\000e\000\040\000p\000h\000r\000a\000s\000e\000s\000\040\000i\000n\000d\000\351\000p\000e\000n\000d\000a\000n\000t\000e\000s}{section.3.1}% 43
\BOOKMARK [2][-]{subsection.3.1.2}{\376\377\000L\000e\000s\000\040\000t\000y\000p\000e\000s\000\040\000d\000e\000\040\000s\000u\000b\000o\000r\000d\000o\000n\000n\000\351\000e\000s\000\040\000c\000o\000m\000p\000l\000\351\000t\000i\000v\000e\000s}{section.3.1}% 44
\BOOKMARK [2][-]{subsection.3.1.3}{\376\377\000S\000u\000b\000o\000r\000d\000o\000n\000n\000\351\000e\000s\000\040\000d\000\351\000c\000l\000a\000r\000a\000t\000i\000v\000e\000s}{section.3.1}% 45
\BOOKMARK [1][-]{section.3.2}{\376\377\000L\000e\000s\000\040\000p\000h\000r\000a\000s\000e\000s\000\040\000v\000e\000r\000b\000a\000l\000e\000s}{chapter.3}% 46
\BOOKMARK [2][-]{subsection.3.2.1}{\376\377\000L\000a\000\040\000p\000h\000r\000a\000s\000e\000\040\000\340\000\040\000l\040\031\000i\000n\000d\000i\000c\000a\000t\000i\000f\000\040\000e\000t\000\040\000a\000u\000\040\000s\000u\000b\000j\000o\000n\000c\000t\000i\000f}{section.3.2}% 47
\BOOKMARK [2][-]{subsection.3.2.2}{\376\377\000L\000a\000\040\000p\000h\000r\000a\000s\000e\000\040\000\340\000\040\000l\040\031\000i\000m\000p\000\351\000r\000a\000t\000i\000f}{section.3.2}% 48
\BOOKMARK [2][-]{subsection.3.2.3}{\376\377\000L\000e\000s\000\040\000p\000h\000r\000a\000s\000e\000s\000\040\000\340\000\040\000l\040\031\000i\000n\000f\000i\000n\000i\000t\000i\000f\000\040\000e\000t\000\040\000a\000u\000\040\000p\000a\000r\000t\000i\000c\000i\000p\000e\000\040\000p\000r\000\351\000s\000e\000n\000t}{section.3.2}% 49
\BOOKMARK [1][-]{section.3.3}{\376\377\000L\000e\000s\000\040\000p\000h\000r\000a\000s\000e\000s\000\040\000s\000u\000b\000o\000r\000d\000o\000n\000n\000\351\000e\000s\000\040\000e\000t\000\040\000c\000o\000o\000r\000d\000o\000n\000n\000\351\000e\000s}{chapter.3}% 50
\BOOKMARK [2][-]{subsection.3.3.1}{\376\377\000L\000e\000s\000\040\000s\000u\000b\000o\000r\000d\000o\000n\000n\000\351\000e\000s\000\040\000s\000u\000j\000e\000t\000\040\000o\000u\000\040\000c\000o\000m\000p\000l\000\351\000m\000e\000n\000t}{section.3.3}% 51
\BOOKMARK [2][-]{subsection.3.3.2}{\376\377\000L\000e\000s\000\040\000s\000u\000b\000o\000r\000d\000o\000n\000n\000\351\000e\000s\000\040\000p\000\351\000r\000i\000p\000h\000\351\000r\000i\000q\000u\000e\000s}{section.3.3}% 52
\BOOKMARK [2][-]{subsection.3.3.3}{\376\377\000L\000e\000s\000\040\000s\000u\000b\000o\000r\000d\000o\000n\000n\000\351\000e\000s\000\040\000a\000j\000o\000u\000t\000s}{section.3.3}% 53
\BOOKMARK [2][-]{subsection.3.3.4}{\376\377\000L\000e\000s\000\040\000p\000h\000r\000a\000s\000e\000s\000\040\000c\000o\000o\000r\000d\000o\000n\000n\000\351\000e\000s}{section.3.3}% 54
\BOOKMARK [2][-]{subsection.3.3.5}{\376\377\000L\000e\000s\000\040\000p\000h\000r\000a\000s\000e\000s\000\040\000j\000u\000x\000t\000a\000p\000o\000s\000\351\000e\000s}{section.3.3}% 55
\BOOKMARK [1][-]{section.3.4}{\376\377\000L\000e\000s\000\040\000p\000h\000r\000a\000s\000e\000s\000\040\000\340\000\040\000e\000x\000t\000r\000a\000c\000t\000i\000o\000n}{chapter.3}% 56
\BOOKMARK [2][-]{subsection.3.4.1}{\376\377\000L\000e\000s\000\040\000d\000i\000f\000f\000\351\000r\000e\000n\000t\000e\000s\000\040\000c\000o\000n\000s\000t\000r\000u\000c\000t\000i\000o\000n\000s\000\040\000\340\000\040\000e\000x\000t\000r\000a\000c\000t\000i\000o\000n}{section.3.4}% 57
\BOOKMARK [2][-]{subsection.3.4.2}{\376\377\000L\000e\000s\000\040\000p\000r\000o\000p\000r\000i\000\351\000t\000\351\000s\000\040\000d\000e\000s\000\040\000p\000h\000r\000a\000s\000e\000s\000\040\000\340\000\040\000e\000x\000t\000r\000a\000c\000t\000i\000o\000n}{section.3.4}% 58
