\BOOKMARK [0][-]{chapter.1}{\376\377\000N\000o\000m\000e\000n}{}% 1
\BOOKMARK [1][-]{section.1.1}{\376\377\000P\000l\000u\000r\000a\000l}{chapter.1}% 2
\BOOKMARK [1][-]{section.1.2}{\376\377\000K\000a\000s\000u\000s\000f\000l\000e\000x\000i\000o\000n}{chapter.1}% 3
\BOOKMARK [0][-]{chapter.2}{\376\377\000P\000r\000o\000n\000o\000m\000e\000n\000/\000A\000r\000t\000i\000k\000l\000e}{}% 4
\BOOKMARK [1][-]{section.2.1}{\376\377\000I\000n\000t\000e\000r\000r\000o\000g\000a\000t\000i\000v\000e}{chapter.2}% 5
\BOOKMARK [2][-]{subsection.2.1.1}{\376\377\000w\000e\000l\000c\000h}{section.2.1}% 6
\BOOKMARK [2][-]{subsection.2.1.2}{\376\377\000w\000e\000r\000/\000w\000a\000s}{section.2.1}% 7
\BOOKMARK [2][-]{subsection.2.1.3}{\376\377\000W\000a\000s\000\040\000f\000\374\000r\377\010\000e\000i\000n\377\011}{section.2.1}% 8
\BOOKMARK [1][-]{section.2.2}{\376\377\000R\000e\000l\000a\000t\000i\000v\000e}{chapter.2}% 9
\BOOKMARK [1][-]{section.2.3}{\376\377\000I\000n\000d\000e\000f\000i\000n\000i\000t\000a}{chapter.2}% 10
\BOOKMARK [2][-]{subsection.2.3.1}{\376\377\000a\000l\000l}{section.2.3}% 11
\BOOKMARK [2][-]{subsection.2.3.2}{\376\377\000e\000i\000n\000,\000\040\000i\000r\000g\000e\000n\000d\000e\000i\000n}{section.2.3}% 12
\BOOKMARK [2][-]{subsection.2.3.3}{\376\377\000e\000i\000n\000\040\000b\000i\000s\000s\000c\000h\000e\000n\000/\000w\000e\000n\000i\000g\000/\000p\000a\000a\000r}{section.2.3}% 13
\BOOKMARK [2][-]{subsection.2.3.4}{\376\377\000-\000e\000r\000l\000e\000i}{section.2.3}% 14
\BOOKMARK [2][-]{subsection.2.3.5}{\376\377\000e\000t\000w\000a\000s\000\040\000\050\000i\000r\000g\000e\000n\000d\000e\000t\000w\000a\000s\000\051}{section.2.3}% 15
\BOOKMARK [2][-]{subsection.2.3.6}{\376\377\000g\000e\000n\000u\000g\000,\000\040\000g\000e\000n\000\374\000g\000e\000n\000d}{section.2.3}% 16
\BOOKMARK [2][-]{subsection.2.3.7}{\376\377\000i\000r\000g\000e\000n\000d\000-}{section.2.3}% 17
\BOOKMARK [2][-]{subsection.2.3.8}{\376\377\000j\000e\000d\000e\000r\000,\000\040\000j\000e\000d\000w\000e\000d\000e\000r\000,\000\040\000j\000e\000g\000l\000i\000c\000h\000e\000r\000\040\000u\000n\000d\000\040\000j\000e\000d\000e\000r\000m\000a\000n\000n}{section.2.3}% 18
\BOOKMARK [2][-]{subsection.2.3.9}{\376\377\000j\000e\000m\000a\000n\000d\000,\000\040\000n\000i\000e\000m\000a\000n\000d}{section.2.3}% 19
\BOOKMARK [2][-]{subsection.2.3.10}{\376\377\000m\000a\000n}{section.2.3}% 20
\BOOKMARK [2][-]{subsection.2.3.11}{\376\377\000m\000a\000n\000c\000h}{section.2.3}% 21
\BOOKMARK [2][-]{subsection.2.3.12}{\376\377\000m\000e\000i\000n\000e\000s\000g\000l\000e\000i\000c\000h\000e\000n\000,\000\040\000d\000e\000i\000n\000e\000s\000g\000l\000e\000i\000c\000h\000e\000n\000\040}{section.2.3}% 22
\BOOKMARK [2][-]{subsection.2.3.13}{\376\377\000n\000i\000c\000h\000t\000s}{section.2.3}% 23
\BOOKMARK [2][-]{subsection.2.3.14}{\376\377\000s\000o\000l\000c\000h}{section.2.3}% 24
\BOOKMARK [2][-]{subsection.2.3.15}{\376\377\000u\000n\000s\000e\000r\000e\000i\000n\000e\000r}{section.2.3}% 25
\BOOKMARK [2][-]{subsection.2.3.16}{\376\377\000v\000i\000e\000l\000,\000\040\000w\000e\000n\000i\000g}{section.2.3}% 26
\BOOKMARK [2][-]{subsection.2.3.17}{\376\377\000w\000e\000l\000c\000h}{section.2.3}% 27
\BOOKMARK [2][-]{subsection.2.3.18}{\376\377\000w\000e\000r\000,\000\040\000w\000a\000s}{section.2.3}% 28
\BOOKMARK [0][-]{chapter.3}{\376\377\000A\000d\000j\000e\000k\000t\000i\000v\000e}{}% 29
\BOOKMARK [1][-]{section.3.1}{\376\377\000G\000e\000b\000r\000a\000u\000c\000h}{chapter.3}% 30
\BOOKMARK [2][-]{subsection.3.1.1}{\376\377\000A\000t\000t\000r\000i\000b\000u\000t\000i\000v\000e}{section.3.1}% 31
\BOOKMARK [2][-]{subsection.3.1.2}{\376\377\000S\000u\000b\000s\000t\000a\000n\000t\000i\000v\000i\000e\000r\000t}{section.3.1}% 32
\BOOKMARK [2][-]{subsection.3.1.3}{\376\377\000P\000r\000\344\000d\000i\000k\000a\000t\000i\000v\000e}{section.3.1}% 33
\BOOKMARK [2][-]{subsection.3.1.4}{\376\377\000A\000d\000v\000e\000r\000b\000i\000a\000l}{section.3.1}% 34
\BOOKMARK [1][-]{section.3.2}{\376\377\000K\000o\000m\000p\000a\000r\000a\000t\000i\000o\000n}{chapter.3}% 35
\BOOKMARK [2][-]{subsection.3.2.1}{\376\377\000P\000o\000s\000i\000t\000i\000v}{section.3.2}% 36
\BOOKMARK [2][-]{subsection.3.2.2}{\376\377\000K\000o\000m\000p\000a\000r\000a\000t\000i\000v}{section.3.2}% 37
\BOOKMARK [2][-]{subsection.3.2.3}{\376\377\000S\000u\000p\000e\000r\000l\000a\000t\000i\000v}{section.3.2}% 38
\BOOKMARK [0][-]{chapter.4}{\376\377\000A\000d\000v\000e\000r\000b}{}% 39
\BOOKMARK [1][-]{section.4.1}{\376\377\000B\000i\000l\000d\000u\000n\000g}{chapter.4}% 40
\BOOKMARK [1][-]{section.4.2}{\376\377\000S\000y\000n\000t\000a\000k\000t\000i\000s\000c\000h\000e\000\040\000K\000l\000a\000s\000s\000e}{chapter.4}% 41
\BOOKMARK [1][-]{section.4.3}{\376\377\000S\000e\000m\000a\000n\000t\000i\000s\000c\000h\000e\000\040\000K\000l\000a\000s\000s\000e\000n}{chapter.4}% 42
\BOOKMARK [2][-]{subsection.4.3.1}{\376\377\000L\000o\000k\000a\000l\000a\000d\000v\000e\000r\000b\000i\000e\000n}{section.4.3}% 43
\BOOKMARK [2][-]{subsection.4.3.2}{\376\377\000T\000e\000m\000p\000o\000r\000a\000l\000a\000d\000v\000e\000r\000b}{section.4.3}% 44
\BOOKMARK [2][-]{subsection.4.3.3}{\376\377\000M\000o\000d\000a\000l\000a\000d\000v\000e\000r\000b}{section.4.3}% 45
\BOOKMARK [2][-]{subsection.4.3.4}{\376\377\000K\000a\000u\000s\000a\000l\000a\000d\000v\000e\000r\000b}{section.4.3}% 46
\BOOKMARK [2][-]{subsection.4.3.5}{\376\377\000I\000n\000t\000e\000r\000r\000o\000g\000a\000t\000i\000v\000a\000d\000v\000e\000r\000b}{section.4.3}% 47
\BOOKMARK [2][-]{subsection.4.3.6}{\376\377\000R\000e\000l\000a\000t\000i\000v\000a\000d\000v\000e\000r\000b}{section.4.3}% 48
\BOOKMARK [2][-]{subsection.4.3.7}{\376\377\000P\000r\000o\000n\000o\000m\000i\000n\000a\000l\000a\000d\000v\000e\000r\000b}{section.4.3}% 49
\BOOKMARK [2][-]{subsection.4.3.8}{\376\377\000K\000o\000n\000j\000u\000n\000k\000t\000i\000o\000n\000a\000l\000a\000d\000v\000e\000r\000b}{section.4.3}% 50
\BOOKMARK [2][-]{subsection.4.3.9}{\376\377\000K\000o\000m\000m\000e\000n\000t\000a\000r\000a\000d\000v\000e\000r\000b}{section.4.3}% 51
\BOOKMARK [0][-]{chapter.5}{\376\377\000P\000a\000r\000t\000i\000k\000e\000l}{}% 52
\BOOKMARK [1][-]{section.5.1}{\376\377\000G\000r\000a\000d\000p\000a\000r\000t\000i\000k\000e\000l}{chapter.5}% 53
\BOOKMARK [1][-]{section.5.2}{\376\377\000F\000o\000k\000u\000s\000p\000a\000r\000t\000i\000k\000e\000l}{chapter.5}% 54
\BOOKMARK [1][-]{section.5.3}{\376\377\000M\000o\000d\000a\000l\000p\000a\000r\000t\000i\000k\000e\000l}{chapter.5}% 55
\BOOKMARK [2][-]{subsection.5.3.1}{\376\377\000A\000u\000s\000s\000a\000g\000e\000s\000\344\000t\000z\000e\000n}{section.5.3}% 56
\BOOKMARK [2][-]{subsection.5.3.2}{\376\377\000A\000u\000s\000r\000u\000f\000e}{section.5.3}% 57
\BOOKMARK [2][-]{subsection.5.3.3}{\376\377\000W\000u\000n\000s\000c\000h\000s\000\344\000t\000z\000e\000n}{section.5.3}% 58
\BOOKMARK [2][-]{subsection.5.3.4}{\376\377\000A\000u\000f\000f\000o\000r\000d\000e\000r\000u\000n\000g}{section.5.3}% 59
\BOOKMARK [2][-]{subsection.5.3.5}{\376\377\000F\000r\000a\000g\000e\000s\000\344\000t\000z\000e\000n}{section.5.3}% 60
\BOOKMARK [0][-]{chapter.6}{\376\377\000P\000r\000\344\000p\000o\000s\000i\000t\000i\000o\000n}{}% 61
\BOOKMARK [1][-]{section.6.1}{\376\377\000S\000t\000e\000l\000l\000u\000n\000g}{chapter.6}% 62
\BOOKMARK [2][-]{subsection.6.1.1}{\376\377\000P\000r\000\344\000s\000t\000e\000l\000l\000u\000n\000g}{section.6.1}% 63
\BOOKMARK [2][-]{subsection.6.1.2}{\376\377\000P\000r\000\344\000-\000\040\000u\000n\000d\000\040\000P\000o\000s\000t\000s\000t\000e\000l\000l\000u\000n\000g}{section.6.1}% 64
\BOOKMARK [2][-]{subsection.6.1.3}{\376\377\000P\000o\000s\000t\000s\000t\000e\000l\000l\000u\000n\000g}{section.6.1}% 65
\BOOKMARK [2][-]{subsection.6.1.4}{\376\377\000Z\000i\000r\000k\000u\000m\000p\000o\000s\000i\000t\000i\000o\000n}{section.6.1}% 66
\BOOKMARK [1][-]{section.6.2}{\376\377\000V\000e\000r\000s\000c\000h\000m\000e\000l\000z\000u\000n\000g}{chapter.6}% 67
\BOOKMARK [1][-]{section.6.3}{\376\377\000L\000i\000s\000t\000e}{chapter.6}% 68
\BOOKMARK [2][-]{subsection.6.3.1}{\376\377\000\340\377\010\000A\377\011}{section.6.3}% 69
\BOOKMARK [2][-]{subsection.6.3.2}{\376\377\000a\000b\377\010\000D\377\011}{section.6.3}% 70
\BOOKMARK [2][-]{subsection.6.3.3}{\376\377\000a\000b\000z\000\374\000g\000l\000i\000c\000h\377\010\000G\377\011}{section.6.3}% 71
\BOOKMARK [2][-]{subsection.6.3.4}{\376\377\000a\000l\000s\377\010\145\340\150\074\377\011}{section.6.3}% 72
\BOOKMARK [2][-]{subsection.6.3.5}{\376\377\000a\000n\377\010\000D\000/\000A\377\011}{section.6.3}% 73
\BOOKMARK [2][-]{subsection.6.3.6}{\376\377\000a\000n\000l\000\344\000s\000s\000l\000i\000c\000h}{section.6.3}% 74
\BOOKMARK [2][-]{subsection.6.3.7}{\376\377\000a\000n\000g\000e\000s\000i\000c\000h\000t\000s\377\010\000G\377\011}{section.6.3}% 75
\BOOKMARK [2][-]{subsection.6.3.8}{\376\377\000a\000n\000s\000t\000e\000l\000l\000e\377\010\000G\377\011}{section.6.3}% 76
\BOOKMARK [2][-]{subsection.6.3.9}{\376\377\000a\000u\000f\377\010\000D\000/\000A\377\011}{section.6.3}% 77
\BOOKMARK [2][-]{subsection.6.3.10}{\376\377\000a\000u\000s\377\010\000D\377\011}{section.6.3}% 78
\BOOKMARK [2][-]{subsection.6.3.11}{\376\377\000a\000u\000\337\000e\000r\377\010\000D\377\011}{section.6.3}% 79
\BOOKMARK [2][-]{subsection.6.3.12}{\376\377\000a\000u\000\337\000e\000r\000h\000a\000l\000b\377\010\000G\377\011}{section.6.3}% 80
\BOOKMARK [2][-]{subsection.6.3.13}{\376\377\000b\000e\000i\377\010\000D\377\011}{section.6.3}% 81
\BOOKMARK [2][-]{subsection.6.3.14}{\376\377\000b\000e\000t\000r\000e\000f\000f\000s\000/\000b\000e\000t\000r\000e\000f\000f\000e\000n\000d\377\010\000G\377\011}{section.6.3}% 82
\BOOKMARK [2][-]{subsection.6.3.15}{\376\377\000b\000e\000z\000\374\000g\000l\000i\000c\000h}{section.6.3}% 83
\BOOKMARK [2][-]{subsection.6.3.16}{\376\377\000b\000e\000h\000u\000f\000s\377\010\000G\377\011}{section.6.3}% 84
\BOOKMARK [2][-]{subsection.6.3.17}{\376\377\000b\000i\000n\000n\000e\000n\377\010\000D\377\011}{section.6.3}% 85
\BOOKMARK [2][-]{subsection.6.3.18}{\376\377\000b\000i\000s\377\010\000A\377\011}{section.6.3}% 86
\BOOKMARK [2][-]{subsection.6.3.19}{\376\377\000d\000a\000n\000k\000\040\377\010\000D\000/\000G\377\011}{section.6.3}% 87
\BOOKMARK [2][-]{subsection.6.3.20}{\376\377\000d\000i\000e\000s\000s\000e\000i\000t\000s\377\010\000G\377\011}{section.6.3}% 88
\BOOKMARK [2][-]{subsection.6.3.21}{\376\377\000d\000u\000r\000c\000h\377\010\000A\377\011}{section.6.3}% 89
\BOOKMARK [2][-]{subsection.6.3.22}{\376\377\000e\000n\000t\000g\000e\000g\000e\000n\377\010\000D\377\011}{section.6.3}% 90
\BOOKMARK [2][-]{subsection.6.3.23}{\376\377\000e\000n\000t\000l\000a\000n\000g\377\010\000A\000/\000D\377\011}{section.6.3}% 91
\BOOKMARK [2][-]{subsection.6.3.24}{\376\377\000f\000\374\000r\377\010\000A\377\011}{section.6.3}% 92
\BOOKMARK [2][-]{subsection.6.3.25}{\376\377\000g\000e\000g\000e\000n\377\010\000A\377\011}{section.6.3}% 93
\BOOKMARK [2][-]{subsection.6.3.26}{\376\377\000g\000e\000g\000e\000n\000\374\000b\000e\000r\377\010\000D\377\011}{section.6.3}% 94
\BOOKMARK [2][-]{subsection.6.3.27}{\376\377\000g\000e\000m\000\344\000\337\377\010\000D\377\011}{section.6.3}% 95
\BOOKMARK [2][-]{subsection.6.3.28}{\376\377\000h\000a\000l\000b\000e\000r\377\010\000G\377\011}{section.6.3}% 96
\BOOKMARK [2][-]{subsection.6.3.29}{\376\377\000h\000i\000n\000t\000e\000r\377\010\000D\000/\000A\377\011}{section.6.3}% 97
\BOOKMARK [2][-]{subsection.6.3.30}{\376\377\000i\000n\377\010\000D\000/\000A\377\011}{section.6.3}% 98
\BOOKMARK [2][-]{subsection.6.3.31}{\376\377\000i\000n\000f\000o\000l\000g\000e\377\010\000G\377\011}{section.6.3}% 99
\BOOKMARK [2][-]{subsection.6.3.32}{\376\377\000i\000n\000m\000i\000t\000t\000e\000n\377\010\000G\377\011}{section.6.3}% 100
\BOOKMARK [2][-]{subsection.6.3.33}{\376\377\000i\000n\000n\000e\000r\000h\000a\000l\000b\377\010\000G\377\011}{section.6.3}% 101
\BOOKMARK [2][-]{subsection.6.3.34}{\376\377\000j\000e\377\010\000A\000/\000N\377\011}{section.6.3}% 102
\BOOKMARK [2][-]{subsection.6.3.35}{\376\377\000j\000e\000\040\000n\000a\000c\000h\377\010\000D\377\011}{section.6.3}% 103
\BOOKMARK [2][-]{subsection.6.3.36}{\376\377\000j\000e\000n\000s\000e\000i\000t\000s\377\010\000G\377\011}{section.6.3}% 104
\BOOKMARK [2][-]{subsection.6.3.37}{\376\377\000K\000r\000a\000f\000t\377\010\000G\377\011}{section.6.3}% 105
\BOOKMARK [2][-]{subsection.6.3.38}{\376\377\000l\000\344\000n\000g\000s\377\010\000G\377\011}{section.6.3}% 106
\BOOKMARK [2][-]{subsection.6.3.39}{\376\377\000l\000a\000u\000t\377\010\000G\377\011}{section.6.3}% 107
\BOOKMARK [2][-]{subsection.6.3.40}{\376\377\000m\000i\000t\377\010\000D\377\011}{section.6.3}% 108
\BOOKMARK [2][-]{subsection.6.3.41}{\376\377\000m\000i\000t\000t\000e\000l\000s\377\010\000G\377\011}{section.6.3}% 109
\BOOKMARK [2][-]{subsection.6.3.42}{\376\377\000n\000a\000c\000h\377\010\000D\377\011}{section.6.3}% 110
\BOOKMARK [2][-]{subsection.6.3.43}{\376\377\000n\000e\000b\000e\000n\377\010\000D\000/\000A\377\011}{section.6.3}% 111
\BOOKMARK [2][-]{subsection.6.3.44}{\376\377\000o\000b\377\010\000G\377\011}{section.6.3}% 112
\BOOKMARK [2][-]{subsection.6.3.45}{\376\377\000o\000b\000e\000r\000h\000a\000l\000b\377\010\000G\377\011}{section.6.3}% 113
\BOOKMARK [2][-]{subsection.6.3.46}{\376\377\000o\000h\000n\000e\377\010\000A\377\011}{section.6.3}% 114
\BOOKMARK [2][-]{subsection.6.3.47}{\376\377\000p\000e\000r\377\010\000A\377\011}{section.6.3}% 115
\BOOKMARK [2][-]{subsection.6.3.48}{\376\377\000p\000r\000o\377\010\000A\377\011}{section.6.3}% 116
\BOOKMARK [2][-]{subsection.6.3.49}{\376\377\000\050\000m\000i\000t\000\051\000s\000a\000m\000t\377\010\000D\377\011}{section.6.3}% 117
\BOOKMARK [2][-]{subsection.6.3.50}{\376\377\000s\000e\000i\000t\377\010\000D\377\011}{section.6.3}% 118
\BOOKMARK [2][-]{subsection.6.3.51}{\376\377\000s\000e\000i\000t\000e\000n\000\050\000s\000\051\377\010\000G\377\011}{section.6.3}% 119
\BOOKMARK [2][-]{subsection.6.3.52}{\376\377\000\050\000a\000n\000\051\000s\000t\000a\000t\000t\377\010\000G\377\011}{section.6.3}% 120
\BOOKMARK [2][-]{subsection.6.3.53}{\376\377\000t\000r\000o\000t\000z\377\010\000G\377\011}{section.6.3}% 121
\BOOKMARK [2][-]{subsection.6.3.54}{\376\377\000\374\000b\000e\000r}{section.6.3}% 122
\BOOKMARK [2][-]{subsection.6.3.55}{\376\377\000u\000m\377\010\000A\377\011}{section.6.3}% 123
\BOOKMARK [2][-]{subsection.6.3.56}{\376\377\000u\000m\040\046\040\046\000w\000i\000l\000l\000e\000n\377\010\000G\377\011}{section.6.3}% 124
\BOOKMARK [2][-]{subsection.6.3.57}{\376\377\000u\000n\000g\000e\000a\000c\000h\000t\000e\000t\377\010\000G\377\011}{section.6.3}% 125
\BOOKMARK [2][-]{subsection.6.3.58}{\376\377\000u\000n\000t\000e\000r\377\010\000D\000/\000A\377\011}{section.6.3}% 126
\BOOKMARK [2][-]{subsection.6.3.59}{\376\377\000u\000n\000t\000e\000r\000h\000a\000l\000b\377\010\000G\377\011}{section.6.3}% 127
\BOOKMARK [2][-]{subsection.6.3.60}{\376\377\000u\000n\000w\000e\000i\000t\000,\000\040\000u\000n\000f\000e\000r\000n\377\010\000G\377\011}{section.6.3}% 128
\BOOKMARK [2][-]{subsection.6.3.61}{\376\377\000v\000o\000n\377\010\000D\377\011}{section.6.3}% 129
\BOOKMARK [2][-]{subsection.6.3.62}{\376\377\000v\000o\000r\377\010\000D\000/\000A\377\011}{section.6.3}% 130
\BOOKMARK [2][-]{subsection.6.3.63}{\376\377\000w\000\344\000h\000r\000e\000n\000d\377\010\000G\377\011}{section.6.3}% 131
\BOOKMARK [2][-]{subsection.6.3.64}{\376\377\000w\000e\000g\000e\000n\377\010\000G\377\011}{section.6.3}% 132
\BOOKMARK [2][-]{subsection.6.3.65}{\376\377\000\050\000z\000u\000\051\000w\000i\000d\000e\000r\377\010\000A\377\011}{section.6.3}% 133
\BOOKMARK [2][-]{subsection.6.3.66}{\376\377\000w\000i\000e\377\010\145\340\150\074\377\011}{section.6.3}% 134
\BOOKMARK [2][-]{subsection.6.3.67}{\376\377\000z\000u\377\010\000D\377\011}{section.6.3}% 135
\BOOKMARK [2][-]{subsection.6.3.68}{\376\377\000z\000u\000f\000o\000l\000g\000e\377\010\000D\377\011}{section.6.3}% 136
\BOOKMARK [2][-]{subsection.6.3.69}{\376\377\000z\000u\000g\000u\000n\000s\000t\000e\000n\377\010\000G\377\011}{section.6.3}% 137
\BOOKMARK [2][-]{subsection.6.3.70}{\376\377\000z\000u\000z\000\374\000g\000l\000i\000c\000h\377\010\000G\377\011}{section.6.3}% 138
\BOOKMARK [2][-]{subsection.6.3.71}{\376\377\000z\000u\000l\000i\000e\000b\000e\377\010\000D\377\011}{section.6.3}% 139
\BOOKMARK [2][-]{subsection.6.3.72}{\376\377\000z\000w\000i\000s\000c\000h\000e\000n\377\010\000D\000/\000A\377\011}{section.6.3}% 140
\BOOKMARK [0][-]{chapter.7}{\376\377\000J\000u\000n\000k\000t\000i\000o\000n}{}% 141
\BOOKMARK [1][-]{section.7.1}{\376\377\000K\000o\000n\000j\000u\000n\000k\000t\000i\000o\000n}{chapter.7}% 142
\BOOKMARK [2][-]{subsection.7.1.1}{\376\377\000A\000d\000d\000i\000t\000i\000v\000e}{section.7.1}% 143
\BOOKMARK [2][-]{subsection.7.1.2}{\376\377\000A\000l\000t\000e\000r\000n\000a\000t\000i\000v\000e}{section.7.1}% 144
\BOOKMARK [2][-]{subsection.7.1.3}{\376\377\000A\000d\000v\000e\000r\000s\000a\000t\000i\000v\000e\000/\000K\000o\000n\000z\000e\000s\000s\000i\000v\000e}{section.7.1}% 145
\BOOKMARK [2][-]{subsection.7.1.4}{\376\377\000S\000p\000e\000z\000i\000f\000i\000z\000i\000e\000r\000e\000n}{section.7.1}% 146
\BOOKMARK [2][-]{subsection.7.1.5}{\376\377\000K\000a\000s\000u\000a\000l}{section.7.1}% 147
\BOOKMARK [2][-]{subsection.7.1.6}{\376\377\000V\000e\000r\000g\000l\000e\000i\000c\000h}{section.7.1}% 148
\BOOKMARK [1][-]{section.7.2}{\376\377\000S\000u\000b\000j\000u\000n\000k\000t\000i\000o\000n}{chapter.7}% 149
\BOOKMARK [2][-]{subsection.7.2.1}{\376\377\000N\000e\000u\000t\000r\000a\000l}{section.7.2}% 150
\BOOKMARK [2][-]{subsection.7.2.2}{\376\377\000T\000e\000m\000p\000o\000r\000a\000l}{section.7.2}% 151
\BOOKMARK [2][-]{subsection.7.2.3}{\376\377\000K\000o\000n\000d\000i\000t\000i\000o\000n\000a\000l\000e}{section.7.2}% 152
\BOOKMARK [2][-]{subsection.7.2.4}{\376\377\000A\000d\000v\000e\000r\000s\000a\000t\000i\000v\000e}{section.7.2}% 153
\BOOKMARK [2][-]{subsection.7.2.5}{\376\377\000R\000e\000s\000t\000r\000i\000k\000t\000i\000v\000e}{section.7.2}% 154
\BOOKMARK [2][-]{subsection.7.2.6}{\376\377\000V\000e\000r\000g\000l\000e\000i\000c\000h}{section.7.2}% 155
\BOOKMARK [2][-]{subsection.7.2.7}{\376\377\000M\000o\000d\000a\000l\000-\000i\000n\000s\000t\000r\000u\000m\000e\000n\000t\000a\000l\000e}{section.7.2}% 156
\BOOKMARK [2][-]{subsection.7.2.8}{\376\377\000K\000a\000s\000u\000a\000l}{section.7.2}% 157
\BOOKMARK [2][-]{subsection.7.2.9}{\376\377\000K\000o\000n\000s\000e\000k\000u\000t\000i\000v\000e}{section.7.2}% 158
\BOOKMARK [2][-]{subsection.7.2.10}{\376\377\000F\000i\000n\000a\000l}{section.7.2}% 159
\BOOKMARK [2][-]{subsection.7.2.11}{\376\377\000K\000o\000n\000z\000e\000s\000s\000i\000v\000e}{section.7.2}% 160
\BOOKMARK [1][-]{section.7.3}{\376\377\000L\000i\000s\000t\000e}{chapter.7}% 161
\BOOKMARK [2][-]{subsection.7.3.1}{\376\377\000a\000b\000e\000r}{section.7.3}% 162
\BOOKMARK [2][-]{subsection.7.3.2}{\376\377\000a\000l\000l\000e\000i\000n}{section.7.3}% 163
\BOOKMARK [2][-]{subsection.7.3.3}{\376\377\000a\000l\000s}{section.7.3}% 164
\BOOKMARK [2][-]{subsection.7.3.4}{\376\377\000a\000l\000s\000\040\000d\000a\000s\000s}{section.7.3}% 165
\BOOKMARK [2][-]{subsection.7.3.5}{\376\377\000a\000l\000s\000\040\000o\000b}{section.7.3}% 166
\BOOKMARK [2][-]{subsection.7.3.6}{\376\377\000\050\000a\000n\000\051\000s\000t\000a\000t\000t\000\040\000d\000a\000s\000s\000/\000z\000u}{section.7.3}% 167
\BOOKMARK [2][-]{subsection.7.3.7}{\376\377\000a\000u\000\337\000e\000r\000\040\000d\000a\000\337}{section.7.3}% 168
\BOOKMARK [2][-]{subsection.7.3.8}{\376\377\000a\000u\000\337\000e\000r\000\040\000w\000e\000n\000n}{section.7.3}% 169
\BOOKMARK [2][-]{subsection.7.3.9}{\376\377\000b\000e\000v\000o\000r}{section.7.3}% 170
\BOOKMARK [2][-]{subsection.7.3.10}{\376\377\000b\000e\000z\000i\000e\000h\000u\000n\000g\000s\000w\000e\000i\000s\000e}{section.7.3}% 171
\BOOKMARK [2][-]{subsection.7.3.11}{\376\377\000b\000i\000s}{section.7.3}% 172
\BOOKMARK [2][-]{subsection.7.3.12}{\376\377\000d\000a}{section.7.3}% 173
\BOOKMARK [2][-]{subsection.7.3.13}{\376\377\000d\000a\000m\000i\000t\000/\000u\000m\040\046\040\046\000z\000u}{section.7.3}% 174
\BOOKMARK [2][-]{subsection.7.3.14}{\376\377\000d\000a\000s\000\040\000h\000e\000i\000\337\000t}{section.7.3}% 175
\BOOKMARK [2][-]{subsection.7.3.15}{\376\377\000d\000e\000n\000n}{section.7.3}% 176
\BOOKMARK [2][-]{subsection.7.3.16}{\376\377\000d\000o\000c\000h}{section.7.3}% 177
\BOOKMARK [2][-]{subsection.7.3.17}{\376\377\000e\000h\000e}{section.7.3}% 178
\BOOKMARK [2][-]{subsection.7.3.18}{\376\377\000e\000n\000t\000w\000e\000d\000e\000r\040\046\040\046\000o\000d\000e\000r}{section.7.3}% 179
\BOOKMARK [2][-]{subsection.7.3.19}{\376\377\000f\000a\000l\000l\000s}{section.7.3}% 180
\BOOKMARK [2][-]{subsection.7.3.20}{\376\377\000i\000n\000d\000e\000m}{section.7.3}% 181
\BOOKMARK [2][-]{subsection.7.3.21}{\376\377\000i\000n\000s\000o\000f\000e\000r\000n\000/\000i\000n\000s\000o\000w\000e\000i\000t\000\050\000a\000l\000s\000\051}{section.7.3}% 182
\BOOKMARK [2][-]{subsection.7.3.22}{\376\377\000j\000e\040\046\040\046\000d\000e\000s\000t\000o\000/\000u\000m\000s\000o}{section.7.3}% 183
\BOOKMARK [2][-]{subsection.7.3.23}{\376\377\000j\000e\000\040\000n\000a\000c\000h\000d\000e\000m}{section.7.3}% 184
\BOOKMARK [2][-]{subsection.7.3.24}{\376\377\000j\000e\000d\000o\000c\000h}{section.7.3}% 185
\BOOKMARK [2][-]{subsection.7.3.25}{\376\377\000k\000a\000u\000m\000\040\000d\000a\000\337}{section.7.3}% 186
\BOOKMARK [2][-]{subsection.7.3.26}{\376\377\000n\000a\000c\000h\000d\000e\000m}{section.7.3}% 187
\BOOKMARK [2][-]{subsection.7.3.27}{\376\377\000n\000i\000c\000h\000t\000\040\000n\000u\000r\040\046\040\046\000s\000o\000n\000d\000e\000r\000n\000\040\000a\000u\000c\000h}{section.7.3}% 188
\BOOKMARK [2][-]{subsection.7.3.28}{\376\377\000n\000u\000r\000\040\000d\000a\000\337}{section.7.3}% 189
\BOOKMARK [2][-]{subsection.7.3.29}{\376\377\000o\000b}{section.7.3}% 190
\BOOKMARK [2][-]{subsection.7.3.30}{\376\377\000o\000b\040\046\040\046\000o\000r\000d\000e\000r}{section.7.3}% 191
\BOOKMARK [2][-]{subsection.7.3.31}{\376\377\000o\000b\000w\000o\000h\000l}{section.7.3}% 192
\BOOKMARK [2][-]{subsection.7.3.32}{\376\377\000o\000h\000n\000e\000\040\000d\000a\000\337\000/\000z\000u}{section.7.3}% 193
\BOOKMARK [2][-]{subsection.7.3.33}{\376\377\000s\000e\000i\000t\000\050\000d\000e\000m\000\051}{section.7.3}% 194
\BOOKMARK [2][-]{subsection.7.3.34}{\376\377\000s\000o\000\040\000d\000a\000\337}{section.7.3}% 195
\BOOKMARK [2][-]{subsection.7.3.35}{\376\377\000s\000o\000b\000a\000l\000d}{section.7.3}% 196
\BOOKMARK [2][-]{subsection.7.3.36}{\376\377\000s\000o\000f\000e\000r\000n}{section.7.3}% 197
\BOOKMARK [2][-]{subsection.7.3.37}{\376\377\000s\000o\000l\000a\000n\000g\000e}{section.7.3}% 198
\BOOKMARK [2][-]{subsection.7.3.38}{\376\377\000s\000o\000n\000d\000e\000r\000n}{section.7.3}% 199
\BOOKMARK [2][-]{subsection.7.3.39}{\376\377\000s\000o\000o\000f\000t}{section.7.3}% 200
\BOOKMARK [2][-]{subsection.7.3.40}{\376\377\000s\000o\000v\000i\000e\000l\000/\000s\000o\000w\000e\000i\000t}{section.7.3}% 201
\BOOKMARK [2][-]{subsection.7.3.41}{\376\377\000s\000o\000w\000i\000e}{section.7.3}% 202
\BOOKMARK [2][-]{subsection.7.3.42}{\376\377\000s\000o\000w\000o\000h\000l\000\040\000a\000l\000s\000/\000w\000i\000e\000\040\000a\000u\000c\000h}{section.7.3}% 203
\BOOKMARK [2][-]{subsection.7.3.43}{\376\377\000\050\000a\000n\000\051\000s\000t\000a\000t\000t}{section.7.3}% 204
\BOOKMARK [2][-]{subsection.7.3.44}{\376\377\000t\000r\000o\000t\000z\000d\000e\000m}{section.7.3}% 205
\BOOKMARK [2][-]{subsection.7.3.45}{\376\377\000u\000m\000\040\000s\000o\000\040\000m\000e\000h\000r\000/\000w\000e\000n\000i\000g\000e\000r\000\040\000a\000l\000s}{section.7.3}% 206
\BOOKMARK [2][-]{subsection.7.3.46}{\376\377\000u\000m\040\046\040\046\000z\000u}{section.7.3}% 207
\BOOKMARK [2][-]{subsection.7.3.47}{\376\377\000w\000\344\000h\000r\000e\000n\000d}{section.7.3}% 208
\BOOKMARK [2][-]{subsection.7.3.48}{\376\377\000w\000e\000d\000e\000r\040\046\040\046\000n\000o\000c\000h}{section.7.3}% 209
\BOOKMARK [2][-]{subsection.7.3.49}{\376\377\000w\000e\000i\000l}{section.7.3}% 210
\BOOKMARK [2][-]{subsection.7.3.50}{\376\377\000w\000e\000n\000n}{section.7.3}% 211
\BOOKMARK [2][-]{subsection.7.3.51}{\376\377\000w\000e\000n\000n\000\040\000a\000u\000c\000h\000\040\000s\000o\000\040\000d\000o\000c\000h}{section.7.3}% 212
\BOOKMARK [2][-]{subsection.7.3.52}{\376\377\000w\000i\000e}{section.7.3}% 213
\BOOKMARK [2][-]{subsection.7.3.53}{\376\377\000w\000i\000e\000\040\000a\000u\000c\000h}{section.7.3}% 214
\BOOKMARK [2][-]{subsection.7.3.54}{\376\377\000z\000u\000m\000a\000l}{section.7.3}% 215
\BOOKMARK [0][-]{chapter.8}{\376\377\000K\000o\000n\000n\000e\000k\000t\000o\000r\000e\000n}{}% 216
\BOOKMARK [1][-]{section.8.1}{\376\377\000K\000o\000p\000u\000l\000a\000t\000i\000v\000e}{chapter.8}% 217
\BOOKMARK [2][-]{subsection.8.1.1}{\376\377\000A\000d\000d\000i\000t\000i\000v\000e}{section.8.1}% 218
\BOOKMARK [2][-]{subsection.8.1.2}{\376\377\000A\000l\000t\000e\000r\000n\000a\000t\000i\000v\000e}{section.8.1}% 219
\BOOKMARK [1][-]{section.8.2}{\376\377\000T\000e\000m\000p\000o\000r\000a\000l}{chapter.8}% 220
\BOOKMARK [2][-]{subsection.8.2.1}{\376\377\000V\000o\000r\000z\000e\000i\000t\000i\000g\000e}{section.8.2}% 221
\BOOKMARK [2][-]{subsection.8.2.2}{\376\377\000N\000a\000c\000h\000z\000e\000i\000t\000i\000g\000e}{section.8.2}% 222
\BOOKMARK [2][-]{subsection.8.2.3}{\376\377\000G\000l\000e\000i\000c\000h\000z\000e\000i\000t\000i\000g\000e}{section.8.2}% 223
\BOOKMARK [1][-]{section.8.3}{\376\377\000K\000o\000n\000d\000i\000t\000i\000o\000n\000a\000l\000e}{chapter.8}% 224
\BOOKMARK [1][-]{section.8.4}{\376\377\000K\000a\000u\000s\000a\000l\000e}{chapter.8}% 225
\BOOKMARK [2][-]{subsection.8.4.1}{\376\377\000I\000m\000\040\000e\000n\000g\000e\000r\000e\000n\000\040\000S\000i\000n\000n\000e\000\040\000K\000a\000u\000s\000a\000l\000e}{section.8.4}% 226
\BOOKMARK [2][-]{subsection.8.4.2}{\376\377\000K\000o\000n\000s\000e\000k\000u\000t\000i\000v\000e}{section.8.4}% 227
\BOOKMARK [2][-]{subsection.8.4.3}{\376\377\000M\000o\000d\000a\000l\000-\000i\000n\000s\000t\000r\000u\000m\000e\000n\000t\000a\000l\000e}{section.8.4}% 228
\BOOKMARK [2][-]{subsection.8.4.4}{\376\377\000F\000i\000n\000a\000l\000e}{section.8.4}% 229
\BOOKMARK [2][-]{subsection.8.4.5}{\376\377\000K\000o\000n\000z\000e\000s\000s\000i\000v\000e}{section.8.4}% 230
\BOOKMARK [2][-]{subsection.8.4.6}{\376\377\000A\000d\000v\000e\000r\000s\000a\000t\000i\000v\000e}{section.8.4}% 231
\BOOKMARK [2][-]{subsection.8.4.7}{\376\377\000S\000p\000e\000z\000i\000f\000i\000z\000i\000e\000r\000e\000n\000d\000e}{section.8.4}% 232
\BOOKMARK [2][-]{subsection.8.4.8}{\376\377\000R\000e\000s\000t\000r\000i\000k\000t\000i\000v\000e}{section.8.4}% 233
\BOOKMARK [1][-]{section.8.5}{\376\377\000V\000e\000r\000g\000l\000e\000i\000c\000h\000e\000n\000d\000e}{chapter.8}% 234
\BOOKMARK [2][-]{subsection.8.5.1}{\376\377\000K\000o\000m\000p\000a\000r\000a\000t\000i\000v\000e}{section.8.5}% 235
\BOOKMARK [2][-]{subsection.8.5.2}{\376\377\000P\000r\000o\000p\000o\000r\000t\000i\000o\000n\000a\000l\000e}{section.8.5}% 236
\BOOKMARK [0][-]{chapter.9}{\376\377\000V\000e\000r\000b}{}% 237
\BOOKMARK [1][-]{section.9.1}{\376\377\000K\000o\000n\000j\000u\000g\000a\000t\000i\000o\000n}{chapter.9}% 238
\BOOKMARK [2][-]{subsection.9.1.1}{\376\377\000P\000r\000\344\000s\000e\000n\000s}{section.9.1}% 239
\BOOKMARK [2][-]{subsection.9.1.2}{\376\377\000P\000r\000\344\000t\000e\000r\000i\000t\000u\000m}{section.9.1}% 240
\BOOKMARK [2][-]{subsection.9.1.3}{\376\377\000K\000o\000n\000j\000u\000n\000c\000t\000i\000v}{section.9.1}% 241
\BOOKMARK [2][-]{subsection.9.1.4}{\376\377\000P\000a\000r\000t\000i\000z\000p\000\040\0002}{section.9.1}% 242
\BOOKMARK [2][-]{subsection.9.1.5}{\376\377\116\015\211\304\122\031\137\061\122\250\213\315}{section.9.1}% 243
\BOOKMARK [2][-]{subsection.9.1.6}{\376\377\000A\000b\000l\000a\000u\000t}{section.9.1}% 244
\BOOKMARK [2][-]{subsection.9.1.7}{\376\377\000K\000o\000n\000s\000o\000n\000a\000n\000t\000e\000n\000w\000e\000c\000h\000s\000e\000l}{section.9.1}% 245
\BOOKMARK [2][-]{subsection.9.1.8}{\376\377\000M\000o\000d\000a\000l\000\040\000V\000e\000r\000b\124\214\000W\000i\000s\000s\000e\000n}{section.9.1}% 246
\BOOKMARK [1][-]{section.9.2}{\376\377\000V\000e\000r\000b\000a\000l\000k\000o\000m\000p\000l\000e\000x}{chapter.9}% 247
\BOOKMARK [2][-]{subsection.9.2.1}{\376\377\000P\000e\000r\000f\000e\000c\000t}{section.9.2}% 248
\BOOKMARK [2][-]{subsection.9.2.2}{\376\377\000F\000u\000t\000u\000r\000\040\000u\000n\000d\000\040\000w\000\374\000r\000d\000e\000-\000K\000o\000n\000s\000t\000r\000u\000k\000t\000i\000o\000n}{section.9.2}% 249
\BOOKMARK [2][-]{subsection.9.2.3}{\376\377\000P\000a\000s\000s\000i\000v}{section.9.2}% 250
\BOOKMARK [2][-]{subsection.9.2.4}{\376\377\000S\000e\000i\000n\000\040\000+\000\040\000P\000a\000r\000t\000i\000z\000i\000p\000\040\000I\000I}{section.9.2}% 251
\BOOKMARK [2][-]{subsection.9.2.5}{\376\377\000M\000o\000d\000a\000l\000v\000e\000r\000b\000k\000o\000m\000p\000l\000e\000x\000e}{section.9.2}% 252
\BOOKMARK [2][-]{subsection.9.2.6}{\376\377\000K\000a\000u\000s\000a\000t\000i\000v\000k\000o\000m\000p\000l\000e\000x\000e}{section.9.2}% 253
\BOOKMARK [2][-]{subsection.9.2.7}{\376\377\000A\000n\000d\000e\000r\000e\000k\000o\000m\000p\000l\000e\000x\000e}{section.9.2}% 254
\BOOKMARK [2][-]{subsection.9.2.8}{\376\377\000S\000t\000e\000l\000l\000u\000n\000g\000s\000r\000e\000g\000u\000l\000a\000r\000i\000t\000\344\000t\000e\000n}{section.9.2}% 255
\BOOKMARK [1][-]{section.9.3}{\376\377\000I\000n\000f\000i\000n\000i\000t\000i\000v}{chapter.9}% 256
\BOOKMARK [2][-]{subsection.9.3.1}{\376\377\000I\000n\000f\000i\000n\000i\000t\000v}{section.9.3}% 257
\BOOKMARK [2][-]{subsection.9.3.2}{\376\377\000P\000a\000r\000t\000i\000z\000i\000p}{section.9.3}% 258
\BOOKMARK [1][-]{section.9.4}{\376\377\000P\000a\000s\000s\000i\000v}{chapter.9}% 259
\BOOKMARK [2][-]{subsection.9.4.1}{\376\377\000w\000e\000r\000d\000e\000n\000-\000P\000a\000s\000s\000i\000v}{section.9.4}% 260
\BOOKMARK [2][-]{subsection.9.4.2}{\376\377\000b\000e\000k\000o\000m\000m\000e\000n\000-\000P\000a\000s\000s\000i\000v}{section.9.4}% 261
\BOOKMARK [2][-]{subsection.9.4.3}{\376\377\000s\000e\000i\000n\000-\000P\000a\000s\000s\000i\000v}{section.9.4}% 262
\BOOKMARK [1][-]{section.9.5}{\376\377\000K\000o\000n\000j\000u\000n\000k\000t\000i\000v}{chapter.9}% 263
\BOOKMARK [2][-]{subsection.9.5.1}{\376\377\000I\000r\000r\000e\000a\000l\000i\000t\000\344\000t\000/\000P\000o\000t\000e\000n\000z\000i\000a\000l\000i\000t\000\344\000t\000\050\000I\000I\000\051}{section.9.5}% 264
\BOOKMARK [2][-]{subsection.9.5.2}{\376\377\000R\000e\000f\000e\000r\000a\000t\000\040\000/\000\040\000i\000n\000d\000i\000r\000e\000k\000t\000e\000\040\000R\000e\000d\000e\000\040\000\050\000I\000/\000I\000I\000\051}{section.9.5}% 265
\BOOKMARK [1][-]{section.9.6}{\376\377\000M\000o\000d\000a\000l\000v\000e\000r\000b}{chapter.9}% 266
\BOOKMARK [2][-]{subsection.9.6.1}{\376\377\000h\000a\000b\000e\000n\000/\000s\000e\000i\000n\000\040\000+\000\040\000z\000u\000\040\000I\000n\000f\000i\000n\000i\000t\000i\000v}{section.9.6}% 267
\BOOKMARK [0][-]{chapter.10}{\376\377\000S\000a\000t\000z}{}% 268
\BOOKMARK [1][-]{section.10.1}{\376\377\000W\000o\000r\000t\000s\000t\000e\000l\000l\000u\000n\000g}{chapter.10}% 269
\BOOKMARK [2][-]{subsection.10.1.1}{\376\377\000V\000e\000r\000b\000z\000w\000e\000i\000t\000s\000a\000t\000z}{section.10.1}% 270
\BOOKMARK [2][-]{subsection.10.1.2}{\376\377\000V\000e\000r\000b\000e\000r\000s\000t\000s\000a\000t\000z}{section.10.1}% 271
\BOOKMARK [2][-]{subsection.10.1.3}{\376\377\000V\000e\000r\000b\000l\000e\000t\000z\000t\000s\000a\000t\000z}{section.10.1}% 272
\BOOKMARK [1][-]{section.10.2}{\376\377\000S\000a\000t\000z\000k\000l\000a\000m\000m\000e}{chapter.10}% 273
\BOOKMARK [2][-]{subsection.10.2.1}{\376\377\000r\000e\000c\000h\000t\000e\000\040\000S\000a\000t\000z\000k\000l\000a\000m\000m\000e\000r}{section.10.2}% 274
\BOOKMARK [2][-]{subsection.10.2.2}{\376\377\000M\000i\000t\000t\000e\000l\000f\000e\000l\000d}{section.10.2}% 275
\BOOKMARK [2][-]{subsection.10.2.3}{\376\377\000l\000i\000n\000k\000e\000\040\000S\000a\000t\000z\000k\000l\000a\000m\000m\000e\000r}{section.10.2}% 276
\BOOKMARK [2][-]{subsection.10.2.4}{\376\377\000V\000o\000r\000f\000e\000l\000d}{section.10.2}% 277
\BOOKMARK [2][-]{subsection.10.2.5}{\376\377\000N\000a\000c\000h\000f\000e\000l\000d}{section.10.2}% 278
\BOOKMARK [1][-]{section.10.3}{\376\377\000S\000a\000t\000z\000a\000r\000t}{chapter.10}% 279
\BOOKMARK [2][-]{subsection.10.3.1}{\376\377\000A\000u\000s\000r\000u\000f\000e\000s\000a\000t\000z}{section.10.3}% 280
\BOOKMARK [2][-]{subsection.10.3.2}{\376\377\000A\000u\000f\000f\000o\000r\000d\000e\000r\000u\000n\000g\000s\000s\000a\000t\000z}{section.10.3}% 281
\BOOKMARK [2][-]{subsection.10.3.3}{\376\377\000W\000u\000n\000s\000c\000h\000s\000a\000t\000z}{section.10.3}% 282
\BOOKMARK [2][-]{subsection.10.3.4}{\376\377\000N\000e\000g\000a\000t\000i\000o\000n}{section.10.3}% 283
\BOOKMARK [1][-]{section.10.4}{\376\377\000Z\000u\000s\000a\000m\000m\000e\000n\000g\000e\000s\000e\000t\000z\000t\000e}{chapter.10}% 284
\BOOKMARK [2][-]{subsection.10.4.1}{\376\377\000R\000e\000l\000a\000t\000i\000v\000s\000\344\000t\000z\000e}{section.10.4}% 285
\BOOKMARK [2][-]{subsection.10.4.2}{\376\377\000I\000n\000h\000a\000l\000t\000s\000s\000\344\000t\000z\000e}{section.10.4}% 286
\BOOKMARK [2][-]{subsection.10.4.3}{\376\377\000V\000e\000r\000h\000\344\000l\000t\000n\000i\000s\000s\000\344\000t\000z\000e}{section.10.4}% 287
\BOOKMARK [2][-]{subsection.10.4.4}{\376\377\000S\000t\000e\000l\000l\000u\000n\000g\000\040\000d\000e\000r\000\040\000N\000e\000b\000e\000n\000s\000\344\000t\000z\000e\000\040}{section.10.4}% 288
\BOOKMARK [2][-]{subsection.10.4.5}{\376\377\000U\000n\000e\000i\000n\000g\000e\000l\000e\000i\000t\000e\000t\000e\000\040\000N\000e\000b\000e\000n\000s\000\344\000t\000z\000e}{section.10.4}% 289
